Unity Editor version:    2021.3.3f1 (af2e63e8f9bd)
Branch:                  2021.3/staging
Build type:              Release
Batch mode:              YES
macOS version:           Version 12.5 (Build 21G72)
Darwin version:          21.6.0
Architecture:            arm64
Running under Rosetta:   NO
Available memory:        16384 MB
Using pre-set license
Pro License: YES

COMMAND LINE ARGUMENTS:
/Applications/Unity/Hub/Editor/2021.3.3f1/Unity.app/Contents/MacOS/Unity
-adb2
-batchMode
-noUpm
-name
AssetImportWorker0
-projectPath
/Users/nayeon/Desktop/way_to_School/way_to_School/way_to_School
-logFile
Logs/AssetImportWorker0.log
-srvPort
52860
Successfully changed project path to: /Users/nayeon/Desktop/way_to_School/way_to_School/way_to_School
/Users/nayeon/Desktop/way_to_School/way_to_School/way_to_School
[UnityMemory] Configuration Parameters - Can be set up in boot.config
    "memorysetup-bucket-allocator-granularity=16"
    "memorysetup-bucket-allocator-bucket-count=8"
    "memorysetup-bucket-allocator-block-size=33554432"
    "memorysetup-bucket-allocator-block-count=8"
    "memorysetup-main-allocator-block-size=16777216"
    "memorysetup-thread-allocator-block-size=16777216"
    "memorysetup-gfx-main-allocator-block-size=16777216"
    "memorysetup-gfx-thread-allocator-block-size=16777216"
    "memorysetup-cache-allocator-block-size=4194304"
    "memorysetup-typetree-allocator-block-size=2097152"
    "memorysetup-profiler-bucket-allocator-granularity=16"
    "memorysetup-profiler-bucket-allocator-bucket-count=8"
    "memorysetup-profiler-bucket-allocator-block-size=33554432"
    "memorysetup-profiler-bucket-allocator-block-count=8"
    "memorysetup-profiler-allocator-block-size=16777216"
    "memorysetup-profiler-editor-allocator-block-size=1048576"
    "memorysetup-temp-allocator-size-main=16777216"
    "memorysetup-job-temp-allocator-block-size=2097152"
    "memorysetup-job-temp-allocator-block-size-background=1048576"
    "memorysetup-job-temp-allocator-reduction-small-platforms=262144"
    "memorysetup-temp-allocator-size-background-worker=32768"
    "memorysetup-temp-allocator-size-job-worker=262144"
    "memorysetup-temp-allocator-size-preload-manager=33554432"
    "memorysetup-temp-allocator-size-nav-mesh-worker=65536"
    "memorysetup-temp-allocator-size-audio-worker=65536"
    "memorysetup-temp-allocator-size-cloud-worker=32768"
    "memorysetup-temp-allocator-size-gi-baking-worker=262144"
    "memorysetup-temp-allocator-size-gfx=262144"
Refreshing native plugins compatible for Editor in 70.21 ms, found 3 plugins.
Preloading 0 native plugins for Editor in 0.00 ms.
Initialize engine version: 2021.3.3f1 (af2e63e8f9bd)
[Subsystems] Discovering subsystems at path /Applications/Unity/Hub/Editor/2021.3.3f1/Unity.app/Contents/Resources/UnitySubsystems
[Subsystems] Discovering subsystems at path /Users/nayeon/Desktop/way_to_School/way_to_School/way_to_School/Assets
GfxDevice: creating device client; threaded=0; jobified=0
 preferred device: Apple M1 (high power)
Metal devices available: 1
0: Apple M1 (high power)
Using device Apple M1 (high power)
Initializing Metal device caps: Apple M1
Initialize mono
Mono path[0] = '/Applications/Unity/Hub/Editor/2021.3.3f1/Unity.app/Contents/Managed'
Mono path[1] = '/Applications/Unity/Hub/Editor/2021.3.3f1/Unity.app/Contents/MonoBleedingEdge/lib/mono/unityjit-macos'
Mono config path = '/Applications/Unity/Hub/Editor/2021.3.3f1/Unity.app/Contents/MonoBleedingEdge/etc'
Using monoOptions --debugger-agent=transport=dt_socket,embedding=1,server=y,suspend=n,address=127.0.0.1:56587
Begin MonoManager ReloadAssembly
Registering precompiled unity dll's ...
Register platform support module: /Applications/Unity/Hub/Editor/2021.3.3f1/Unity.app/Contents/PlaybackEngines/MacStandaloneSupport/UnityEditor.OSXStandalone.Extensions.dll
Register platform support module: /Applications/Unity/Hub/Editor/2021.3.3f1/PlaybackEngines/AndroidPlayer/UnityEditor.Android.Extensions.dll
Register platform support module: /Applications/Unity/Hub/Editor/2021.3.3f1/PlaybackEngines/iOSSupport/UnityEditor.iOS.Extensions.dll
Registered in 0.000547 seconds.
[usbmuxd] Start listen thread
[usbmuxd] Listen thread started
[usbmuxd] Send listen message
Native extension for iOS target not found
[usbmuxd] Attached: 16 811a2c0714bcc106ebe1ff163aa3824bc580c03c
Native extension for Android target not found
Native extension for OSXStandalone target not found
Refreshing native plugins compatible for Editor in 79.64 ms, found 3 plugins.
Preloading 0 native plugins for Editor in 0.00 ms.
Mono: successfully reloaded assembly
- Completed reload, in  0.386 seconds
Domain Reload Profiling:
	ReloadAssembly (386ms)
		BeginReloadAssembly (28ms)
			ExecutionOrderSort (0ms)
			DisableScriptedObjects (0ms)
			BackupInstance (0ms)
			ReleaseScriptingObjects (0ms)
			CreateAndSetChildDomain (0ms)
		EndReloadAssembly (298ms)
			LoadAssemblies (27ms)
			RebuildTransferFunctionScriptingTraits (0ms)
			SetupTypeCache (63ms)
			ReleaseScriptCaches (0ms)
			RebuildScriptCaches (18ms)
			SetupLoadedEditorAssemblies (192ms)
				LogAssemblyErrors (0ms)
				InitializePlatformSupportModulesInManaged (43ms)
				SetLoadedEditorAssemblies (0ms)
				RefreshPlugins (80ms)
				BeforeProcessingInitializeOnLoad (1ms)
				ProcessInitializeOnLoadAttributes (45ms)
				ProcessInitializeOnLoadMethodAttributes (23ms)
				AfterProcessingInitializeOnLoad (0ms)
				EditorAssembliesLoaded (0ms)
			ExecutionOrderSort2 (0ms)
			AwakeInstancesAfterBackupRestoration (0ms)
Platform modules already initialized, skipping
Registering precompiled user dll's ...
Registered in 0.001482 seconds.
Begin MonoManager ReloadAssembly
Symbol file LoadedFromMemory doesn't match image /Users/nayeon/Desktop/way_to_School/way_to_School/way_to_School/Library/PackageCache/com.unity.visualscripting@1.7.8/Editor/VisualScripting.Core/Dependencies/YamlDotNet/Unity.VisualScripting.YamlDotNet.dll
Symbol file LoadedFromMemory doesn't match image /Users/nayeon/Desktop/way_to_School/way_to_School/way_to_School/Library/PackageCache/com.unity.visualscripting@1.7.8/Editor/VisualScripting.Core/Dependencies/DotNetZip/Unity.VisualScripting.IonicZip.dll
Native extension for iOS target not found
Native extension for Android target not found
Native extension for OSXStandalone target not found
Refreshing native plugins compatible for Editor in 73.74 ms, found 3 plugins.
Preloading 0 native plugins for Editor in 0.00 ms.
Mono: successfully reloaded assembly
- Completed reload, in  0.754 seconds
Domain Reload Profiling:
	ReloadAssembly (755ms)
		BeginReloadAssembly (163ms)
			ExecutionOrderSort (0ms)
			DisableScriptedObjects (3ms)
			BackupInstance (0ms)
			ReleaseScriptingObjects (0ms)
			CreateAndSetChildDomain (120ms)
		EndReloadAssembly (526ms)
			LoadAssemblies (35ms)
			RebuildTransferFunctionScriptingTraits (0ms)
			SetupTypeCache (142ms)
			ReleaseScriptCaches (0ms)
			RebuildScriptCaches (34ms)
			SetupLoadedEditorAssemblies (292ms)
				LogAssemblyErrors (0ms)
				InitializePlatformSupportModulesInManaged (13ms)
				SetLoadedEditorAssemblies (0ms)
				RefreshPlugins (74ms)
				BeforeProcessingInitializeOnLoad (60ms)
				ProcessInitializeOnLoadAttributes (122ms)
				ProcessInitializeOnLoadMethodAttributes (21ms)
				AfterProcessingInitializeOnLoad (1ms)
				EditorAssembliesLoaded (0ms)
			ExecutionOrderSort2 (0ms)
			AwakeInstancesAfterBackupRestoration (2ms)
Platform modules already initialized, skipping
========================================================================
Worker process is ready to serve import requests
Launching external process: /Applications/Unity/Hub/Editor/2021.3.3f1/Unity.app/Contents/Tools/UnityShaderCompiler
Launched and connected shader compiler UnityShaderCompiler after 0.04 seconds
Refreshing native plugins compatible for Editor in 0.37 ms, found 3 plugins.
Preloading 0 native plugins for Editor in 0.00 ms.
Unloading 4069 Unused Serialized files (Serialized files now loaded: 0)
Unloading 38 unused Assets / (44.0 KB). Loaded Objects now: 4527.
Memory consumption went from 265.9 MB to 265.9 MB.
Total: 2.427458 ms (FindLiveObjects: 0.136791 ms CreateObjectMapping: 0.051792 ms MarkObjects: 2.184083 ms  DeleteObjects: 0.054000 ms)

AssetImportParameters requested are different than current active one (requested -> active):
  custom:video-decoder-ogg-theora: a1e56fd34408186e4bbccfd4996cb3dc -> 
  custom:container-muxer-webm: aa71ff27fc2769a1b78a27578f13a17b -> 
  custom:container-demuxer-webm: 4f35f7cbe854078d1ac9338744f61a02 -> 
  custom:video-encoder-webm-vp8: eb34c28f22e8b96e1ab97ce403110664 -> 
  custom:framework-osx-AVFoundation: e770b220cccbd017edd2c1fefb359320 -> 
  custom:audio-encoder-webm-vorbis: bf7c407c2cedff20999df2af8eb42d56 -> 
  custom:container-demuxer-ogg: 62fdf1f143b41e24485cea50d1cbac27 -> 
  custom:video-decoder-webm-vp8: 9c59270c3fd7afecdb556c50c9e8de78 -> 
  custom:audio-decoder-ogg-vorbis: bf7c407c2cedff20999df2af8eb42d56 -> 
========================================================================
Received Import Request.
  Time since last request: 312996.218691 seconds.
  path: Assets/Scripts/Scene5/S5_DialogueSystem.cs
  artifactKey: Guid(a65a4480af4104273b31e40e01ef09c9) Importer(815301076,1909f56bfc062723c751e8b465ee728b)
Start importing Assets/Scripts/Scene5/S5_DialogueSystem.cs using Guid(a65a4480af4104273b31e40e01ef09c9) Importer(815301076,1909f56bfc062723c751e8b465ee728b)  -> (artifact id: '30a12699905032b0fef23ea4b063f5e8') in 0.043415 seconds 
========================================================================
Received Import Request.
  Time since last request: 23.170899 seconds.
  path: Assets/Scripts/Scene5/S7_DialogueStart.cs
  artifactKey: Guid(cf36d9637b1354849923219ff0847d5e) Importer(815301076,1909f56bfc062723c751e8b465ee728b)
Start importing Assets/Scripts/Scene5/S7_DialogueStart.cs using Guid(cf36d9637b1354849923219ff0847d5e) Importer(815301076,1909f56bfc062723c751e8b465ee728b)  -> (artifact id: 'f8d8701a97ca0ccecaf4f9ea54a84a14') in 0.001369 seconds 
========================================================================
Received Prepare
Registering precompiled user dll's ...
Registered in 0.001478 seconds.
Begin MonoManager ReloadAssembly
Thread 0x172b23000 may have been prematurely finalized
Symbol file LoadedFromMemory doesn't match image /Users/nayeon/Desktop/way_to_School/way_to_School/way_to_School/Library/PackageCache/com.unity.visualscripting@1.7.8/Editor/VisualScripting.Core/Dependencies/YamlDotNet/Unity.VisualScripting.YamlDotNet.dll
Symbol file LoadedFromMemory doesn't match image /Users/nayeon/Desktop/way_to_School/way_to_School/way_to_School/Library/PackageCache/com.unity.visualscripting@1.7.8/Editor/VisualScripting.Core/Dependencies/DotNetZip/Unity.VisualScripting.IonicZip.dll
Native extension for iOS target not found
Native extension for Android target not found
Native extension for OSXStandalone target not found
Refreshing native plugins compatible for Editor in 0.39 ms, found 3 plugins.
Preloading 0 native plugins for Editor in 0.00 ms.
Mono: successfully reloaded assembly
- Completed reload, in  0.537 seconds
Domain Reload Profiling:
	ReloadAssembly (537ms)
		BeginReloadAssembly (69ms)
			ExecutionOrderSort (0ms)
			DisableScriptedObjects (4ms)
			BackupInstance (0ms)
			ReleaseScriptingObjects (0ms)
			CreateAndSetChildDomain (23ms)
		EndReloadAssembly (413ms)
			LoadAssemblies (32ms)
			RebuildTransferFunctionScriptingTraits (0ms)
			SetupTypeCache (148ms)
			ReleaseScriptCaches (1ms)
			RebuildScriptCaches (28ms)
			SetupLoadedEditorAssemblies (177ms)
				LogAssemblyErrors (0ms)
				InitializePlatformSupportModulesInManaged (15ms)
				SetLoadedEditorAssemblies (0ms)
				RefreshPlugins (0ms)
				BeforeProcessingInitializeOnLoad (40ms)
				ProcessInitializeOnLoadAttributes (102ms)
				ProcessInitializeOnLoadMethodAttributes (19ms)
				AfterProcessingInitializeOnLoad (1ms)
				EditorAssembliesLoaded (0ms)
			ExecutionOrderSort2 (0ms)
			AwakeInstancesAfterBackupRestoration (3ms)
Platform modules already initialized, skipping
Refreshing native plugins compatible for Editor in 0.72 ms, found 3 plugins.
Preloading 0 native plugins for Editor in 0.00 ms.
Unloading 4059 Unused Serialized files (Serialized files now loaded: 0)
Unloading 25 unused Assets / (22.1 KB). Loaded Objects now: 4531.
Memory consumption went from 269.6 MB to 269.6 MB.
Total: 2.193417 ms (FindLiveObjects: 0.115500 ms CreateObjectMapping: 0.048333 ms MarkObjects: 2.018292 ms  DeleteObjects: 0.010584 ms)

AssetImportParameters requested are different than current active one (requested -> active):
  custom:video-decoder-ogg-theora: a1e56fd34408186e4bbccfd4996cb3dc -> 
  custom:container-muxer-webm: aa71ff27fc2769a1b78a27578f13a17b -> 
  custom:container-demuxer-webm: 4f35f7cbe854078d1ac9338744f61a02 -> 
  custom:video-encoder-webm-vp8: eb34c28f22e8b96e1ab97ce403110664 -> 
  custom:framework-osx-AVFoundation: e770b220cccbd017edd2c1fefb359320 -> 
  custom:audio-encoder-webm-vorbis: bf7c407c2cedff20999df2af8eb42d56 -> 
  custom:container-demuxer-ogg: 62fdf1f143b41e24485cea50d1cbac27 -> 
  custom:video-decoder-webm-vp8: 9c59270c3fd7afecdb556c50c9e8de78 -> 
  custom:audio-decoder-ogg-vorbis: bf7c407c2cedff20999df2af8eb42d56 -> 
========================================================================
Received Prepare
Registering precompiled user dll's ...
Registered in 0.001531 seconds.
Begin MonoManager ReloadAssembly
Thread 0x1701b3000 may have been prematurely finalized
Symbol file LoadedFromMemory doesn't match image /Users/nayeon/Desktop/way_to_School/way_to_School/way_to_School/Library/PackageCache/com.unity.visualscripting@1.7.8/Editor/VisualScripting.Core/Dependencies/YamlDotNet/Unity.VisualScripting.YamlDotNet.dll
Symbol file LoadedFromMemory doesn't match image /Users/nayeon/Desktop/way_to_School/way_to_School/way_to_School/Library/PackageCache/com.unity.visualscripting@1.7.8/Editor/VisualScripting.Core/Dependencies/DotNetZip/Unity.VisualScripting.IonicZip.dll
Native extension for iOS target not found
Native extension for Android target not found
Native extension for OSXStandalone target not found
Refreshing native plugins compatible for Editor in 0.39 ms, found 3 plugins.
Preloading 0 native plugins for Editor in 0.00 ms.
Mono: successfully reloaded assembly
- Completed reload, in  0.547 seconds
Domain Reload Profiling:
	ReloadAssembly (547ms)
		BeginReloadAssembly (65ms)
			ExecutionOrderSort (0ms)
			DisableScriptedObjects (4ms)
			BackupInstance (0ms)
			ReleaseScriptingObjects (0ms)
			CreateAndSetChildDomain (22ms)
		EndReloadAssembly (428ms)
			LoadAssemblies (30ms)
			RebuildTransferFunctionScriptingTraits (0ms)
			SetupTypeCache (155ms)
			ReleaseScriptCaches (1ms)
			RebuildScriptCaches (30ms)
			SetupLoadedEditorAssemblies (183ms)
				LogAssemblyErrors (0ms)
				InitializePlatformSupportModulesInManaged (16ms)
				SetLoadedEditorAssemblies (0ms)
				RefreshPlugins (0ms)
				BeforeProcessingInitializeOnLoad (40ms)
				ProcessInitializeOnLoadAttributes (105ms)
				ProcessInitializeOnLoadMethodAttributes (20ms)
				AfterProcessingInitializeOnLoad (1ms)
				EditorAssembliesLoaded (0ms)
			ExecutionOrderSort2 (0ms)
			AwakeInstancesAfterBackupRestoration (3ms)
Platform modules already initialized, skipping
Refreshing native plugins compatible for Editor in 0.72 ms, found 3 plugins.
Preloading 0 native plugins for Editor in 0.00 ms.
Unloading 4060 Unused Serialized files (Serialized files now loaded: 0)
Unloading 25 unused Assets / (22.0 KB). Loaded Objects now: 4535.
Memory consumption went from 269.9 MB to 269.9 MB.
Total: 2.166625 ms (FindLiveObjects: 0.113709 ms CreateObjectMapping: 0.048292 ms MarkObjects: 1.988875 ms  DeleteObjects: 0.015125 ms)

AssetImportParameters requested are different than current active one (requested -> active):
  custom:video-decoder-ogg-theora: a1e56fd34408186e4bbccfd4996cb3dc -> 
  custom:container-muxer-webm: aa71ff27fc2769a1b78a27578f13a17b -> 
  custom:container-demuxer-webm: 4f35f7cbe854078d1ac9338744f61a02 -> 
  custom:video-encoder-webm-vp8: eb34c28f22e8b96e1ab97ce403110664 -> 
  custom:framework-osx-AVFoundation: e770b220cccbd017edd2c1fefb359320 -> 
  custom:audio-encoder-webm-vorbis: bf7c407c2cedff20999df2af8eb42d56 -> 
  custom:container-demuxer-ogg: 62fdf1f143b41e24485cea50d1cbac27 -> 
  custom:video-decoder-webm-vp8: 9c59270c3fd7afecdb556c50c9e8de78 -> 
  custom:audio-decoder-ogg-vorbis: bf7c407c2cedff20999df2af8eb42d56 -> 
========================================================================
Received Import Request.
  Time since last request: 36.711957 seconds.
  path: Assets/Scripts/Scene7/S7_Dialogue.cs
  artifactKey: Guid(885a039c87fc147989ee9a378f09076d) Importer(815301076,1909f56bfc062723c751e8b465ee728b)
Start importing Assets/Scripts/Scene7/S7_Dialogue.cs using Guid(885a039c87fc147989ee9a378f09076d) Importer(815301076,1909f56bfc062723c751e8b465ee728b)  -> (artifact id: 'eb3d29e7d6e6914f5fa711fbaf3fc66c') in 0.004727 seconds 
========================================================================
Received Prepare
Registering precompiled user dll's ...
Registered in 0.001494 seconds.
Begin MonoManager ReloadAssembly
Thread 0x172457000 may have been prematurely finalized
Symbol file LoadedFromMemory doesn't match image /Users/nayeon/Desktop/way_to_School/way_to_School/way_to_School/Library/PackageCache/com.unity.visualscripting@1.7.8/Editor/VisualScripting.Core/Dependencies/YamlDotNet/Unity.VisualScripting.YamlDotNet.dll
Symbol file LoadedFromMemory doesn't match image /Users/nayeon/Desktop/way_to_School/way_to_School/way_to_School/Library/PackageCache/com.unity.visualscripting@1.7.8/Editor/VisualScripting.Core/Dependencies/DotNetZip/Unity.VisualScripting.IonicZip.dll
Native extension for iOS target not found
Native extension for Android target not found
Native extension for OSXStandalone target not found
Refreshing native plugins compatible for Editor in 0.39 ms, found 3 plugins.
Preloading 0 native plugins for Editor in 0.00 ms.
Mono: successfully reloaded assembly
- Completed reload, in  0.523 seconds
Domain Reload Profiling:
	ReloadAssembly (524ms)
		BeginReloadAssembly (65ms)
			ExecutionOrderSort (0ms)
			DisableScriptedObjects (4ms)
			BackupInstance (0ms)
			ReleaseScriptingObjects (0ms)
			CreateAndSetChildDomain (21ms)
		EndReloadAssembly (404ms)
			LoadAssemblies (29ms)
			RebuildTransferFunctionScriptingTraits (0ms)
			SetupTypeCache (139ms)
			ReleaseScriptCaches (1ms)
			RebuildScriptCaches (27ms)
			SetupLoadedEditorAssemblies (179ms)
				LogAssemblyErrors (0ms)
				InitializePlatformSupportModulesInManaged (15ms)
				SetLoadedEditorAssemblies (0ms)
				RefreshPlugins (0ms)
				BeforeProcessingInitializeOnLoad (40ms)
				ProcessInitializeOnLoadAttributes (103ms)
				ProcessInitializeOnLoadMethodAttributes (20ms)
				AfterProcessingInitializeOnLoad (1ms)
				EditorAssembliesLoaded (0ms)
			ExecutionOrderSort2 (0ms)
			AwakeInstancesAfterBackupRestoration (3ms)
Platform modules already initialized, skipping
Refreshing native plugins compatible for Editor in 0.78 ms, found 3 plugins.
Preloading 0 native plugins for Editor in 0.00 ms.
Unloading 4059 Unused Serialized files (Serialized files now loaded: 0)
Unloading 26 unused Assets / (21.9 KB). Loaded Objects now: 4537.
Memory consumption went from 270.1 MB to 270.1 MB.
Total: 2.203500 ms (FindLiveObjects: 0.121000 ms CreateObjectMapping: 0.047625 ms MarkObjects: 2.022084 ms  DeleteObjects: 0.012250 ms)

AssetImportParameters requested are different than current active one (requested -> active):
  custom:video-decoder-ogg-theora: a1e56fd34408186e4bbccfd4996cb3dc -> 
  custom:container-muxer-webm: aa71ff27fc2769a1b78a27578f13a17b -> 
  custom:container-demuxer-webm: 4f35f7cbe854078d1ac9338744f61a02 -> 
  custom:video-encoder-webm-vp8: eb34c28f22e8b96e1ab97ce403110664 -> 
  custom:framework-osx-AVFoundation: e770b220cccbd017edd2c1fefb359320 -> 
  custom:audio-encoder-webm-vorbis: bf7c407c2cedff20999df2af8eb42d56 -> 
  custom:container-demuxer-ogg: 62fdf1f143b41e24485cea50d1cbac27 -> 
  custom:video-decoder-webm-vp8: 9c59270c3fd7afecdb556c50c9e8de78 -> 
  custom:audio-decoder-ogg-vorbis: bf7c407c2cedff20999df2af8eb42d56 -> 
========================================================================
Received Import Request.
  Time since last request: 40.246852 seconds.
  path: Assets/Scripts/Scene7/S7_DialogueSystem.cs
  artifactKey: Guid(4bd8cd6be2d3649259c1b87c83a35a46) Importer(815301076,1909f56bfc062723c751e8b465ee728b)
Start importing Assets/Scripts/Scene7/S7_DialogueSystem.cs using Guid(4bd8cd6be2d3649259c1b87c83a35a46) Importer(815301076,1909f56bfc062723c751e8b465ee728b)  -> (artifact id: 'cb3e55bb9c979ff8bf7df31f7e70229b') in 0.005190 seconds 
========================================================================
Received Prepare
Registering precompiled user dll's ...
Registered in 0.001555 seconds.
Begin MonoManager ReloadAssembly
Thread 0x172457000 may have been prematurely finalized
Symbol file LoadedFromMemory doesn't match image /Users/nayeon/Desktop/way_to_School/way_to_School/way_to_School/Library/PackageCache/com.unity.visualscripting@1.7.8/Editor/VisualScripting.Core/Dependencies/YamlDotNet/Unity.VisualScripting.YamlDotNet.dll
Symbol file LoadedFromMemory doesn't match image /Users/nayeon/Desktop/way_to_School/way_to_School/way_to_School/Library/PackageCache/com.unity.visualscripting@1.7.8/Editor/VisualScripting.Core/Dependencies/DotNetZip/Unity.VisualScripting.IonicZip.dll
Native extension for iOS target not found
Native extension for Android target not found
Native extension for OSXStandalone target not found
Refreshing native plugins compatible for Editor in 0.39 ms, found 3 plugins.
Preloading 0 native plugins for Editor in 0.00 ms.
Mono: successfully reloaded assembly
- Completed reload, in  0.518 seconds
Domain Reload Profiling:
	ReloadAssembly (519ms)
		BeginReloadAssembly (64ms)
			ExecutionOrderSort (0ms)
			DisableScriptedObjects (4ms)
			BackupInstance (0ms)
			ReleaseScriptingObjects (0ms)
			CreateAndSetChildDomain (21ms)
		EndReloadAssembly (402ms)
			LoadAssemblies (29ms)
			RebuildTransferFunctionScriptingTraits (0ms)
			SetupTypeCache (140ms)
			ReleaseScriptCaches (1ms)
			RebuildScriptCaches (27ms)
			SetupLoadedEditorAssemblies (177ms)
				LogAssemblyErrors (0ms)
				InitializePlatformSupportModulesInManaged (16ms)
				SetLoadedEditorAssemblies (0ms)
				RefreshPlugins (0ms)
				BeforeProcessingInitializeOnLoad (39ms)
				ProcessInitializeOnLoadAttributes (102ms)
				ProcessInitializeOnLoadMethodAttributes (19ms)
				AfterProcessingInitializeOnLoad (1ms)
				EditorAssembliesLoaded (0ms)
			ExecutionOrderSort2 (0ms)
			AwakeInstancesAfterBackupRestoration (3ms)
Platform modules already initialized, skipping
Refreshing native plugins compatible for Editor in 0.70 ms, found 3 plugins.
Preloading 0 native plugins for Editor in 0.00 ms.
Unloading 4060 Unused Serialized files (Serialized files now loaded: 0)
Unloading 25 unused Assets / (22.0 KB). Loaded Objects now: 4541.
Memory consumption went from 270.4 MB to 270.4 MB.
Total: 2.255667 ms (FindLiveObjects: 0.114917 ms CreateObjectMapping: 0.048583 ms MarkObjects: 2.077875 ms  DeleteObjects: 0.013625 ms)

AssetImportParameters requested are different than current active one (requested -> active):
  custom:video-decoder-ogg-theora: a1e56fd34408186e4bbccfd4996cb3dc -> 
  custom:container-muxer-webm: aa71ff27fc2769a1b78a27578f13a17b -> 
  custom:container-demuxer-webm: 4f35f7cbe854078d1ac9338744f61a02 -> 
  custom:video-encoder-webm-vp8: eb34c28f22e8b96e1ab97ce403110664 -> 
  custom:framework-osx-AVFoundation: e770b220cccbd017edd2c1fefb359320 -> 
  custom:audio-encoder-webm-vorbis: bf7c407c2cedff20999df2af8eb42d56 -> 
  custom:container-demuxer-ogg: 62fdf1f143b41e24485cea50d1cbac27 -> 
  custom:video-decoder-webm-vp8: 9c59270c3fd7afecdb556c50c9e8de78 -> 
  custom:audio-decoder-ogg-vorbis: bf7c407c2cedff20999df2af8eb42d56 -> 
========================================================================
Received Import Request.
  Time since last request: 288.278207 seconds.
  path: Assets/Scripts/Scene5/S5_Gonegirl_poster.cs
  artifactKey: Guid(afe2acf290c47477781214e05b0545f6) Importer(815301076,1909f56bfc062723c751e8b465ee728b)
Start importing Assets/Scripts/Scene5/S5_Gonegirl_poster.cs using Guid(afe2acf290c47477781214e05b0545f6) Importer(815301076,1909f56bfc062723c751e8b465ee728b)  -> (artifact id: 'ed780cb9cecf97cefb857c465722d946') in 0.007414 seconds 
========================================================================
Received Import Request.
  Time since last request: 1380.423895 seconds.
  path: Assets/Resources/Item(clue)/Inventory_o/BullyMemo.PNG
  artifactKey: Guid(838c2f66f378148648d1c67647414885) Importer(815301076,1909f56bfc062723c751e8b465ee728b)
Start importing Assets/Resources/Item(clue)/Inventory_o/BullyMemo.PNG using Guid(838c2f66f378148648d1c67647414885) Importer(815301076,1909f56bfc062723c751e8b465ee728b)  -> (artifact id: 'dbb520b5691fde1ad94d68981cb0ee7f') in 0.365061 seconds 
========================================================================
Received Import Request.
  Time since last request: 0.000056 seconds.
  path: Assets/Resources/Item(clue)/Inventory_o/CD.PNG
  artifactKey: Guid(322469c20cecf4537a5d0ef0cc61aa48) Importer(815301076,1909f56bfc062723c751e8b465ee728b)
Start importing Assets/Resources/Item(clue)/Inventory_o/CD.PNG using Guid(322469c20cecf4537a5d0ef0cc61aa48) Importer(815301076,1909f56bfc062723c751e8b465ee728b)  -> (artifact id: 'e5bc4dcc73b6b198a145d40514f2f127') in 0.008805 seconds 
========================================================================
Received Import Request.
  Time since last request: 0.000051 seconds.
  path: Assets/Resources/Item(clue)/Inventory_o/InvenClose.PNG
  artifactKey: Guid(a83c86dda22054e3dab307893e11608f) Importer(815301076,1909f56bfc062723c751e8b465ee728b)
Start importing Assets/Resources/Item(clue)/Inventory_o/InvenClose.PNG using Guid(a83c86dda22054e3dab307893e11608f) Importer(815301076,1909f56bfc062723c751e8b465ee728b)  -> (artifact id: '6396814f37339eb6f2dc4f898a592763') in 0.007376 seconds 
========================================================================
Received Import Request.
  Time since last request: 0.000043 seconds.
  path: Assets/Resources/Object/MR_current.png
  artifactKey: Guid(6429eb44d3049a0449a3fe0b19fb8502) Importer(815301076,1909f56bfc062723c751e8b465ee728b)
Start importing Assets/Resources/Object/MR_current.png using Guid(6429eb44d3049a0449a3fe0b19fb8502) Importer(815301076,1909f56bfc062723c751e8b465ee728b)  -> (artifact id: 'eeaf556197a5ee77c8df7df6ab888859') in 0.283764 seconds 
========================================================================
Received Import Request.
  Time since last request: 0.000038 seconds.
  path: Assets/Resources/ZoomIn/Locker_open.png
  artifactKey: Guid(f1ce2eac86bb57b4f885d2ba5b4ee9ee) Importer(815301076,1909f56bfc062723c751e8b465ee728b)
Start importing Assets/Resources/ZoomIn/Locker_open.png using Guid(f1ce2eac86bb57b4f885d2ba5b4ee9ee) Importer(815301076,1909f56bfc062723c751e8b465ee728b)  -> (artifact id: 'b2971bf8b8c687018c40fc1ca1a93969') in 0.056553 seconds 
========================================================================
Received Import Request.
  Time since last request: 0.000039 seconds.
  path: Assets/Resources/ZoomIn/Locker_close.png
  artifactKey: Guid(14cd0380d7cfd634eafb69bb653df97d) Importer(815301076,1909f56bfc062723c751e8b465ee728b)
Start importing Assets/Resources/ZoomIn/Locker_close.png using Guid(14cd0380d7cfd634eafb69bb653df97d) Importer(815301076,1909f56bfc062723c751e8b465ee728b)  -> (artifact id: 'cd21dc54fe0d787ae3bb99480e6202c3') in 0.058142 seconds 
========================================================================
Received Import Request.
  Time since last request: 0.000055 seconds.
  path: Assets/Resources/Item(clue)/Inventory_x/GoneGirl_Korean.jpeg
  artifactKey: Guid(b7df44b12608c41aa921f555a1caf78b) Importer(815301076,1909f56bfc062723c751e8b465ee728b)
Start importing Assets/Resources/Item(clue)/Inventory_x/GoneGirl_Korean.jpeg using Guid(b7df44b12608c41aa921f555a1caf78b) Importer(815301076,1909f56bfc062723c751e8b465ee728b)  -> (artifact id: 'babf1b7fa01b20f581416b839089d087') in 0.322159 seconds 
========================================================================
Received Import Request.
  Time since last request: 0.000058 seconds.
  path: Assets/Resources/People/SJ_current.png
  artifactKey: Guid(5747620c1405ec64ebcb1158a947c767) Importer(815301076,1909f56bfc062723c751e8b465ee728b)
Start importing Assets/Resources/People/SJ_current.png using Guid(5747620c1405ec64ebcb1158a947c767) Importer(815301076,1909f56bfc062723c751e8b465ee728b)  -> (artifact id: 'a137f642287dd8c343fc50f554ebc5c8') in 0.023388 seconds 
========================================================================
Received Import Request.
  Time since last request: 0.000042 seconds.
  path: Assets/Resources/nullSprite.png
  artifactKey: Guid(de86aa242a0001647b9787c51c5cfa4c) Importer(815301076,1909f56bfc062723c751e8b465ee728b)
Start importing Assets/Resources/nullSprite.png using Guid(de86aa242a0001647b9787c51c5cfa4c) Importer(815301076,1909f56bfc062723c751e8b465ee728b)  -> (artifact id: '3439b2c8f4efa79874742f5e0a385e19') in 0.012756 seconds 
========================================================================
Received Import Request.
  Time since last request: 0.000059 seconds.
  path: Assets/Resources/Item(clue)/Inventory_o/Phone.PNG
  artifactKey: Guid(96732b3cda4734158a98945d07b4fb04) Importer(815301076,1909f56bfc062723c751e8b465ee728b)
Start importing Assets/Resources/Item(clue)/Inventory_o/Phone.PNG using Guid(96732b3cda4734158a98945d07b4fb04) Importer(815301076,1909f56bfc062723c751e8b465ee728b)  -> (artifact id: 'dc8c9feab2885e5fbdcafc017c5e5803') in 0.007926 seconds 
========================================================================
Received Import Request.
  Time since last request: 0.000057 seconds.
  path: Assets/Resources/Item(clue)/Inventory_o/ScreDriver.PNG
  artifactKey: Guid(bb70950b0a26d456b91405eebf379c0e) Importer(815301076,1909f56bfc062723c751e8b465ee728b)
Start importing Assets/Resources/Item(clue)/Inventory_o/ScreDriver.PNG using Guid(bb70950b0a26d456b91405eebf379c0e) Importer(815301076,1909f56bfc062723c751e8b465ee728b)  -> (artifact id: 'f25e440cc2bba3b8e93b5575cf277534') in 0.008465 seconds 
========================================================================
Received Import Request.
  Time since last request: 0.000041 seconds.
  path: Assets/Resources/Object/Folderphone.png
  artifactKey: Guid(9bf7394c5c8db2e4f8d0b6855cbbea61) Importer(815301076,1909f56bfc062723c751e8b465ee728b)
Start importing Assets/Resources/Object/Folderphone.png using Guid(9bf7394c5c8db2e4f8d0b6855cbbea61) Importer(815301076,1909f56bfc062723c751e8b465ee728b)  -> (artifact id: '0f4d963e8081f2f7fa9964c2132d57fd') in 0.012059 seconds 
========================================================================
Received Import Request.
  Time since last request: 0.000037 seconds.
  path: Assets/Resources/Background/Hallway1_S7.jpeg
  artifactKey: Guid(de8ae96d9fc214b09a8a2eacc2cd4175) Importer(815301076,1909f56bfc062723c751e8b465ee728b)
Start importing Assets/Resources/Background/Hallway1_S7.jpeg using Guid(de8ae96d9fc214b09a8a2eacc2cd4175) Importer(815301076,1909f56bfc062723c751e8b465ee728b)  -> (artifact id: '038277789b328bfd4fbeface13e8861c') in 0.009954 seconds 
========================================================================
Received Import Request.
  Time since last request: 0.000031 seconds.
  path: Assets/Resources/Icon/inventory_icon.png
  artifactKey: Guid(be5b5644e0c5f9343bbad31127569a9e) Importer(815301076,1909f56bfc062723c751e8b465ee728b)
Start importing Assets/Resources/Icon/inventory_icon.png using Guid(be5b5644e0c5f9343bbad31127569a9e) Importer(815301076,1909f56bfc062723c751e8b465ee728b)  -> (artifact id: '9fbc21db3f67e4a32448d69730a135bc') in 0.007388 seconds 
========================================================================
Received Import Request.
  Time since last request: 0.000049 seconds.
  path: Assets/Resources/Object/School_name.png
  artifactKey: Guid(b96b40bc80fd9154c8aef312a19cc94f) Importer(815301076,1909f56bfc062723c751e8b465ee728b)
Start importing Assets/Resources/Object/School_name.png using Guid(b96b40bc80fd9154c8aef312a19cc94f) Importer(815301076,1909f56bfc062723c751e8b465ee728b)  -> (artifact id: '91e76b6cb0913a063f3d45ab45d0057a') in 0.012856 seconds 
========================================================================
Received Import Request.
  Time since last request: 0.000051 seconds.
  path: Assets/Resources/Item(clue)/Inventory_x/Gone_Girl_Poster.jpeg
  artifactKey: Guid(d7c86d86e50c745c9b8c5e0123542336) Importer(815301076,1909f56bfc062723c751e8b465ee728b)
Start importing Assets/Resources/Item(clue)/Inventory_x/Gone_Girl_Poster.jpeg using Guid(d7c86d86e50c745c9b8c5e0123542336) Importer(815301076,1909f56bfc062723c751e8b465ee728b)  -> (artifact id: '2e226d0254debfe3c7e7cf1a1e206523') in 0.010255 seconds 
========================================================================
Received Import Request.
  Time since last request: 0.000060 seconds.
  path: Assets/Resources/Icon/Return.png
  artifactKey: Guid(da0e6e999dea33742973dc0dd03c9137) Importer(815301076,1909f56bfc062723c751e8b465ee728b)
Start importing Assets/Resources/Icon/Return.png using Guid(da0e6e999dea33742973dc0dd03c9137) Importer(815301076,1909f56bfc062723c751e8b465ee728b)  -> (artifact id: '92afc0a3f640a9b7888309b139f5c2f6') in 0.013680 seconds 
========================================================================
Received Import Request.
  Time since last request: 0.000052 seconds.
  path: Assets/Resources/Item(clue)/Inventory_x/Calender.png
  artifactKey: Guid(f60269c5c41a04b418615724d5d31226) Importer(815301076,1909f56bfc062723c751e8b465ee728b)
Start importing Assets/Resources/Item(clue)/Inventory_x/Calender.png using Guid(f60269c5c41a04b418615724d5d31226) Importer(815301076,1909f56bfc062723c751e8b465ee728b)  -> (artifact id: '95d5b58d8bd118b7e05f4a658bc7e6e1') in 0.008540 seconds 
========================================================================
Received Import Request.
  Time since last request: 0.000047 seconds.
  path: Assets/Resources/Item(clue)/Inventory_o/GreenNote.PNG
  artifactKey: Guid(f286e4bfb3de04601b67d5f8db1a578e) Importer(815301076,1909f56bfc062723c751e8b465ee728b)
Start importing Assets/Resources/Item(clue)/Inventory_o/GreenNote.PNG using Guid(f286e4bfb3de04601b67d5f8db1a578e) Importer(815301076,1909f56bfc062723c751e8b465ee728b)  -> (artifact id: 'f8c03a9847b83be9b7b01a121b2f0f54') in 0.007421 seconds 
========================================================================
Received Import Request.
  Time since last request: 0.000055 seconds.
  path: Assets/Resources/Item(clue)/Inventory_o/Diary.PNG
  artifactKey: Guid(b83c478270a7f46239860fcdde779720) Importer(815301076,1909f56bfc062723c751e8b465ee728b)
Start importing Assets/Resources/Item(clue)/Inventory_o/Diary.PNG using Guid(b83c478270a7f46239860fcdde779720) Importer(815301076,1909f56bfc062723c751e8b465ee728b)  -> (artifact id: 'd6e4acb02bcd935ea7589fd10b10c26e') in 0.007101 seconds 
========================================================================
Received Import Request.
  Time since last request: 0.000050 seconds.
  path: Assets/Resources/Object/Postcard2.png
  artifactKey: Guid(fe09f19ba07be8946a7a130cd9c86b57) Importer(815301076,1909f56bfc062723c751e8b465ee728b)
Start importing Assets/Resources/Object/Postcard2.png using Guid(fe09f19ba07be8946a7a130cd9c86b57) Importer(815301076,1909f56bfc062723c751e8b465ee728b)  -> (artifact id: 'cef39a4feed615cf20cd3ef767c03fea') in 0.132222 seconds 
========================================================================
Received Import Request.
  Time since last request: 0.000051 seconds.
  path: Assets/Resources/Icon/setting_icon.png
  artifactKey: Guid(b5c2891ca3ddbf846b4044092ed13194) Importer(815301076,1909f56bfc062723c751e8b465ee728b)
Start importing Assets/Resources/Icon/setting_icon.png using Guid(b5c2891ca3ddbf846b4044092ed13194) Importer(815301076,1909f56bfc062723c751e8b465ee728b)  -> (artifact id: '2a7dcaf294eb0b8f555f42d1600a4a50') in 0.007878 seconds 
========================================================================
Received Import Request.
  Time since last request: 0.000028 seconds.
  path: Assets/Resources/Item(clue)/Inventory_o/Niddle.PNG
  artifactKey: Guid(a58021fa47d5140088dacad815e66ff0) Importer(815301076,1909f56bfc062723c751e8b465ee728b)
Start importing Assets/Resources/Item(clue)/Inventory_o/Niddle.PNG using Guid(a58021fa47d5140088dacad815e66ff0) Importer(815301076,1909f56bfc062723c751e8b465ee728b)  -> (artifact id: '8a390b4a33c735a738950882231e8619') in 0.006991 seconds 
========================================================================
Received Import Request.
  Time since last request: 0.000052 seconds.
  path: Assets/Resources/Item(clue)/Inventory_o/Presence.PNG
  artifactKey: Guid(0c15a8336d73840cca9073ce6638f46f) Importer(815301076,1909f56bfc062723c751e8b465ee728b)
Start importing Assets/Resources/Item(clue)/Inventory_o/Presence.PNG using Guid(0c15a8336d73840cca9073ce6638f46f) Importer(815301076,1909f56bfc062723c751e8b465ee728b)  -> (artifact id: '23bdd32f55adbf71a91659ce6c7ab56f') in 0.006978 seconds 
========================================================================
Received Import Request.
  Time since last request: 0.000033 seconds.
  path: Assets/Resources/Background/Classroom.jpeg
  artifactKey: Guid(8d1f590b7f4147e48ac7af3162dd5193) Importer(815301076,1909f56bfc062723c751e8b465ee728b)
Start importing Assets/Resources/Background/Classroom.jpeg using Guid(8d1f590b7f4147e48ac7af3162dd5193) Importer(815301076,1909f56bfc062723c751e8b465ee728b)  -> (artifact id: '29b8b7c83d6c74c4c134905a9ac37581') in 0.074818 seconds 
========================================================================
Received Import Request.
  Time since last request: 0.000061 seconds.
  path: Assets/Resources/Background/Restaurant.jpeg
  artifactKey: Guid(c87316e124f0f4b49962f4f323ca2741) Importer(815301076,1909f56bfc062723c751e8b465ee728b)
Start importing Assets/Resources/Background/Restaurant.jpeg using Guid(c87316e124f0f4b49962f4f323ca2741) Importer(815301076,1909f56bfc062723c751e8b465ee728b)  -> (artifact id: 'af350461832af604ae0c4c8714e4deb6') in 0.035938 seconds 
========================================================================
Received Import Request.
  Time since last request: 0.000049 seconds.
  path: Assets/Resources/Item(clue)/Inventory_o/InvenOpen.PNG
  artifactKey: Guid(a022a340930d540a78a096148b86190b) Importer(815301076,1909f56bfc062723c751e8b465ee728b)
Start importing Assets/Resources/Item(clue)/Inventory_o/InvenOpen.PNG using Guid(a022a340930d540a78a096148b86190b) Importer(815301076,1909f56bfc062723c751e8b465ee728b)  -> (artifact id: 'f02f3848a41fb8fd3bace7d1995ebdab') in 0.007386 seconds 
========================================================================
Received Import Request.
  Time since last request: 0.000052 seconds.
  path: Assets/Resources/Item(clue)/Inventory_o/Key.PNG
  artifactKey: Guid(c70137e862f034eea85367b03ce20bee) Importer(815301076,1909f56bfc062723c751e8b465ee728b)
Start importing Assets/Resources/Item(clue)/Inventory_o/Key.PNG using Guid(c70137e862f034eea85367b03ce20bee) Importer(815301076,1909f56bfc062723c751e8b465ee728b)  -> (artifact id: 'dc8909b28e0e786166d893feb475afa5') in 0.007516 seconds 
========================================================================
Received Import Request.
  Time since last request: 0.000044 seconds.
  path: Assets/Resources/Item(clue)/Inventory_o/Light.PNG
  artifactKey: Guid(c23296a37c27949c5b855c0de16979f0) Importer(815301076,1909f56bfc062723c751e8b465ee728b)
Start importing Assets/Resources/Item(clue)/Inventory_o/Light.PNG using Guid(c23296a37c27949c5b855c0de16979f0) Importer(815301076,1909f56bfc062723c751e8b465ee728b)  -> (artifact id: 'e3fc1c79e964d3d5b7816cbf39bb1814') in 0.007136 seconds 
========================================================================
Received Import Request.
  Time since last request: 0.221888 seconds.
  path: Assets/Resources/Background/SJ_currentRoom.jpg
  artifactKey: Guid(e7ae768240ab89246b2009f7ed816c5e) Importer(815301076,1909f56bfc062723c751e8b465ee728b)
Start importing Assets/Resources/Background/SJ_currentRoom.jpg using Guid(e7ae768240ab89246b2009f7ed816c5e) Importer(815301076,1909f56bfc062723c751e8b465ee728b)  -> (artifact id: '83edd3e4a81b9660729230be13c0e0e9') in 0.334010 seconds 
========================================================================
Received Import Request.
  Time since last request: 0.000041 seconds.
  path: Assets/Resources/Item(clue)/Inventory_o/Thread.PNG
  artifactKey: Guid(78bff6de815194b37930178fd21acfd7) Importer(815301076,1909f56bfc062723c751e8b465ee728b)
Start importing Assets/Resources/Item(clue)/Inventory_o/Thread.PNG using Guid(78bff6de815194b37930178fd21acfd7) Importer(815301076,1909f56bfc062723c751e8b465ee728b)  -> (artifact id: '97874654c971ab66211e548c56dfb2ad') in 0.008909 seconds 
========================================================================
Received Import Request.
  Time since last request: 0.000031 seconds.
  path: Assets/Resources/ZoomIn/S5-WJroom/zoom_click_carpet.JPEG.jpeg
  artifactKey: Guid(0bd6e03a43dcf4d5cb3bba33adeb0c30) Importer(815301076,1909f56bfc062723c751e8b465ee728b)
Start importing Assets/Resources/ZoomIn/S5-WJroom/zoom_click_carpet.JPEG.jpeg using Guid(0bd6e03a43dcf4d5cb3bba33adeb0c30) Importer(815301076,1909f56bfc062723c751e8b465ee728b)  -> (artifact id: '955e1453026878ddb341de8cf2ea89ba') in 0.034939 seconds 
========================================================================
Received Import Request.
  Time since last request: 0.000055 seconds.
  path: Assets/Resources/ZoomIn/S5-WJroom/zoom_opendrarwer.JPEG.jpeg
  artifactKey: Guid(314b4c743a9884934adbdc8cffbf0612) Importer(815301076,1909f56bfc062723c751e8b465ee728b)
Start importing Assets/Resources/ZoomIn/S5-WJroom/zoom_opendrarwer.JPEG.jpeg using Guid(314b4c743a9884934adbdc8cffbf0612) Importer(815301076,1909f56bfc062723c751e8b465ee728b)  -> (artifact id: '9d7fd9d3adba35ca0678f1ba0bb02445') in 0.055733 seconds 
========================================================================
Received Import Request.
  Time since last request: 0.000033 seconds.
  path: Assets/Resources/Object/Smartphone.png
  artifactKey: Guid(041ec2d0bac610447ba9235470b79e45) Importer(815301076,1909f56bfc062723c751e8b465ee728b)
Start importing Assets/Resources/Object/Smartphone.png using Guid(041ec2d0bac610447ba9235470b79e45) Importer(815301076,1909f56bfc062723c751e8b465ee728b)  -> (artifact id: '955bb8e58566de8483626b4a2e834aa0') in 0.014202 seconds 
========================================================================
Received Import Request.
  Time since last request: 0.000047 seconds.
  path: Assets/Resources/Item(clue)/Inventory_x/WJ_COM.png
  artifactKey: Guid(9be1237e4ae9142d8bc658e73ca8e01a) Importer(815301076,1909f56bfc062723c751e8b465ee728b)
Start importing Assets/Resources/Item(clue)/Inventory_x/WJ_COM.png using Guid(9be1237e4ae9142d8bc658e73ca8e01a) Importer(815301076,1909f56bfc062723c751e8b465ee728b)  -> (artifact id: '654d22985afa634bf8b9e29cde308917') in 0.016035 seconds 
========================================================================
Received Import Request.
  Time since last request: 0.000050 seconds.
  path: Assets/Resources/Background/SJ_room.jpg
  artifactKey: Guid(2214422f28ac5834195cd3410d40f596) Importer(815301076,1909f56bfc062723c751e8b465ee728b)
Start importing Assets/Resources/Background/SJ_room.jpg using Guid(2214422f28ac5834195cd3410d40f596) Importer(815301076,1909f56bfc062723c751e8b465ee728b)  -> (artifact id: '45869160897564f755e0b8c46cc8bc19') in 0.034040 seconds 
========================================================================
Received Import Request.
  Time since last request: 0.000060 seconds.
  path: Assets/Resources/ZoomIn/S5-WJroom/zoom_drawer.png
  artifactKey: Guid(952bfe17a9963438fb05c21638c35001) Importer(815301076,1909f56bfc062723c751e8b465ee728b)
Start importing Assets/Resources/ZoomIn/S5-WJroom/zoom_drawer.png using Guid(952bfe17a9963438fb05c21638c35001) Importer(815301076,1909f56bfc062723c751e8b465ee728b)  -> (artifact id: '77cd9195bc8a2778e1504f6797f9b08c') in 0.009572 seconds 
========================================================================
Received Import Request.
  Time since last request: 0.000051 seconds.
  path: Assets/Resources/People/SJ_school.png
  artifactKey: Guid(4145539aaabfa16498b2c7b842dffe17) Importer(815301076,1909f56bfc062723c751e8b465ee728b)
Start importing Assets/Resources/People/SJ_school.png using Guid(4145539aaabfa16498b2c7b842dffe17) Importer(815301076,1909f56bfc062723c751e8b465ee728b)  -> (artifact id: 'd72593f34f97221253282ded35bec054') in 0.022832 seconds 
========================================================================
Received Import Request.
  Time since last request: 0.000050 seconds.
  path: Assets/Resources/Background/WJ_room.png
  artifactKey: Guid(a106ceb181f9a7c43a688b6725a702f5) Importer(815301076,1909f56bfc062723c751e8b465ee728b)
Start importing Assets/Resources/Background/WJ_room.png using Guid(a106ceb181f9a7c43a688b6725a702f5) Importer(815301076,1909f56bfc062723c751e8b465ee728b)  -> (artifact id: '887872e73711802055e598cbaea23a50') in 0.033730 seconds 
========================================================================
Received Import Request.
  Time since last request: 0.000041 seconds.
  path: Assets/Resources/People/WJ_school.png
  artifactKey: Guid(55b7de45de93fb447aaa59d6556897a1) Importer(815301076,1909f56bfc062723c751e8b465ee728b)
Start importing Assets/Resources/People/WJ_school.png using Guid(55b7de45de93fb447aaa59d6556897a1) Importer(815301076,1909f56bfc062723c751e8b465ee728b)  -> (artifact id: 'f0efcaebdf64e03611c15ea41c4de7e8') in 0.020016 seconds 
========================================================================
Received Import Request.
  Time since last request: 0.000046 seconds.
  path: Assets/Resources/People/Teacher.png
  artifactKey: Guid(46f6566a222f9654c8b98e0d3f0ea1e7) Importer(815301076,1909f56bfc062723c751e8b465ee728b)
Start importing Assets/Resources/People/Teacher.png using Guid(46f6566a222f9654c8b98e0d3f0ea1e7) Importer(815301076,1909f56bfc062723c751e8b465ee728b)  -> (artifact id: 'c5f49e963c8a495c3a6579f4e725d03e') in 0.039687 seconds 
========================================================================
Received Import Request.
  Time since last request: 0.000033 seconds.
  path: Assets/Resources/Item(clue)/Inventory_x/Zoom_Calender.png
  artifactKey: Guid(da4f14642975d47489e11f0b74a56624) Importer(815301076,1909f56bfc062723c751e8b465ee728b)
Start importing Assets/Resources/Item(clue)/Inventory_x/Zoom_Calender.png using Guid(da4f14642975d47489e11f0b74a56624) Importer(815301076,1909f56bfc062723c751e8b465ee728b)  -> (artifact id: '7a7d072e6245115952319e1ee428c52f') in 0.009284 seconds 
========================================================================
Received Import Request.
  Time since last request: 0.000053 seconds.
  path: Assets/Resources/ZoomIn/S5-WJroom/zoom_desk.png
  artifactKey: Guid(5a4553d9c3708467497561d75f705d60) Importer(815301076,1909f56bfc062723c751e8b465ee728b)
Start importing Assets/Resources/ZoomIn/S5-WJroom/zoom_desk.png using Guid(5a4553d9c3708467497561d75f705d60) Importer(815301076,1909f56bfc062723c751e8b465ee728b)  -> (artifact id: '05a2188697523eaeb5b7bd9498923888') in 0.102116 seconds 
========================================================================
Received Import Request.
  Time since last request: 0.000047 seconds.
  path: Assets/Resources/People/WJ_current.png
  artifactKey: Guid(af1caaec4b11c7a49a0963d6642f48db) Importer(815301076,1909f56bfc062723c751e8b465ee728b)
Start importing Assets/Resources/People/WJ_current.png using Guid(af1caaec4b11c7a49a0963d6642f48db) Importer(815301076,1909f56bfc062723c751e8b465ee728b)  -> (artifact id: '0e35a3ea0bcf88404b59768cd3c4c0a1') in 0.018151 seconds 
========================================================================
Received Import Request.
  Time since last request: 0.000045 seconds.
  path: Assets/Resources/ZoomIn/S5-WJroom/Zoom_poster.png
  artifactKey: Guid(f2a5fa7de1a7442909317003c83c343c) Importer(815301076,1909f56bfc062723c751e8b465ee728b)
Start importing Assets/Resources/ZoomIn/S5-WJroom/Zoom_poster.png using Guid(f2a5fa7de1a7442909317003c83c343c) Importer(815301076,1909f56bfc062723c751e8b465ee728b)  -> (artifact id: '91518152c561d389f0b5b5feac21e4f2') in 0.021190 seconds 
========================================================================
Received Import Request.
  Time since last request: 0.000054 seconds.
  path: Assets/Resources/Background/Wjroom.jpeg
  artifactKey: Guid(8569df8b00a114a8482cae776afed4f7) Importer(815301076,1909f56bfc062723c751e8b465ee728b)
Start importing Assets/Resources/Background/Wjroom.jpeg using Guid(8569df8b00a114a8482cae776afed4f7) Importer(815301076,1909f56bfc062723c751e8b465ee728b)  -> (artifact id: 'd2fd9aa46140685161fc496a1dea6d94') in 0.077111 seconds 
========================================================================
Received Import Request.
  Time since last request: 0.000048 seconds.
  path: Assets/Resources/ZoomIn/S5-WJroom/zoom_calender.png
  artifactKey: Guid(86baa3d887cb34229ab20b7ef5f9df95) Importer(815301076,1909f56bfc062723c751e8b465ee728b)
Start importing Assets/Resources/ZoomIn/S5-WJroom/zoom_calender.png using Guid(86baa3d887cb34229ab20b7ef5f9df95) Importer(815301076,1909f56bfc062723c751e8b465ee728b)  -> (artifact id: '541fc16db3ef3715ffc0cd68703d4b5d') in 0.019865 seconds 
========================================================================
Received Import Request.
  Time since last request: 0.000048 seconds.
  path: Assets/Resources/Item(clue)/Inventory_x/Zoom_WJ_COM.png
  artifactKey: Guid(296524a9f1e1e4f9faf212b18942371f) Importer(815301076,1909f56bfc062723c751e8b465ee728b)
Start importing Assets/Resources/Item(clue)/Inventory_x/Zoom_WJ_COM.png using Guid(296524a9f1e1e4f9faf212b18942371f) Importer(815301076,1909f56bfc062723c751e8b465ee728b)  -> (artifact id: '9ab474450f36edcaad11a61411197a53') in 0.013501 seconds 
========================================================================
Received Import Request.
  Time since last request: 0.000042 seconds.
  path: Assets/Resources/People/Student1.png
  artifactKey: Guid(d99e8de41e7c2cc44984068c6ff18a19) Importer(815301076,1909f56bfc062723c751e8b465ee728b)
Start importing Assets/Resources/People/Student1.png using Guid(d99e8de41e7c2cc44984068c6ff18a19) Importer(815301076,1909f56bfc062723c751e8b465ee728b)  -> (artifact id: 'a9f76fa4453273678702676ae4cf79f7') in 0.031948 seconds 
========================================================================
Received Import Request.
  Time since last request: 0.000035 seconds.
  path: Assets/Resources/People/Student2.png
  artifactKey: Guid(cad9c496c580ee049b1753dbf3137092) Importer(815301076,1909f56bfc062723c751e8b465ee728b)
Start importing Assets/Resources/People/Student2.png using Guid(cad9c496c580ee049b1753dbf3137092) Importer(815301076,1909f56bfc062723c751e8b465ee728b)  -> (artifact id: '70e621897a47c3ea36526e43f650ae8c') in 0.029114 seconds 
========================================================================
Received Import Request.
  Time since last request: 0.000043 seconds.
  path: Assets/Resources/Background/WJ_door.jpeg
  artifactKey: Guid(e488a3276ea7db44fa29481858dcff79) Importer(815301076,1909f56bfc062723c751e8b465ee728b)
Start importing Assets/Resources/Background/WJ_door.jpeg using Guid(e488a3276ea7db44fa29481858dcff79) Importer(815301076,1909f56bfc062723c751e8b465ee728b)  -> (artifact id: 'e15f7394159251aff802809acfcb8af5') in 0.025530 seconds 
========================================================================
Received Import Request.
  Time since last request: 0.000049 seconds.
  path: Assets/Resources/ZoomIn/S5-WJroom/zoom_COM.JPEG.jpeg
  artifactKey: Guid(5da200131c37c48ae836d52359953be4) Importer(815301076,1909f56bfc062723c751e8b465ee728b)
Start importing Assets/Resources/ZoomIn/S5-WJroom/zoom_COM.JPEG.jpeg using Guid(5da200131c37c48ae836d52359953be4) Importer(815301076,1909f56bfc062723c751e8b465ee728b)  -> (artifact id: 'f0ba6d99b39cd22e3b5dcfb977f37673') in 0.148107 seconds 
========================================================================
Received Import Request.
  Time since last request: 0.000043 seconds.
  path: Assets/Resources/Object/SpeechBubble.png
  artifactKey: Guid(89d15e9024320a347b47f83ae4c60ee1) Importer(815301076,1909f56bfc062723c751e8b465ee728b)
Start importing Assets/Resources/Object/SpeechBubble.png using Guid(89d15e9024320a347b47f83ae4c60ee1) Importer(815301076,1909f56bfc062723c751e8b465ee728b)  -> (artifact id: 'e099f4b9e96f3ef863b377b9aeb05908') in 0.014594 seconds 
========================================================================
Received Import Request.
  Time since last request: 0.000059 seconds.
  path: Assets/Resources/People/WJmom.png
  artifactKey: Guid(314f04eae44f1da4787c58cf54097639) Importer(815301076,1909f56bfc062723c751e8b465ee728b)
Start importing Assets/Resources/People/WJmom.png using Guid(314f04eae44f1da4787c58cf54097639) Importer(815301076,1909f56bfc062723c751e8b465ee728b)  -> (artifact id: '86b0f78fc2465fcd5598f811e536c2da') in 0.028969 seconds 
========================================================================
Received Import Request.
  Time since last request: 0.000044 seconds.
  path: Assets/Resources/ZoomIn/S5-WJroom/zoom_father.png
  artifactKey: Guid(852979fe1f4b6497f8467fb2558a338e) Importer(815301076,1909f56bfc062723c751e8b465ee728b)
Start importing Assets/Resources/ZoomIn/S5-WJroom/zoom_father.png using Guid(852979fe1f4b6497f8467fb2558a338e) Importer(815301076,1909f56bfc062723c751e8b465ee728b)  -> (artifact id: '289733ae61a2efb6bd88ee953251a136') in 0.012515 seconds 
[usbmuxd] Detached: 16 811a2c0714bcc106ebe1ff163aa3824bc580c03c
